\BOOKMARK [0][-]{chapter.1}{\376\377\0001\000\040\000N\000a\000m\000e\000s\000p\000a\000c\000e\000\040\000I\000n\000d\000e\000x}{}% 1
\BOOKMARK [1][-]{section.1.1}{\376\377\0001\000.\0001\000\040\000N\000a\000m\000e\000s\000p\000a\000c\000e\000\040\000L\000i\000s\000t}{chapter.1}% 2
\BOOKMARK [0][-]{chapter.2}{\376\377\0002\000\040\000C\000l\000a\000s\000s\000\040\000I\000n\000d\000e\000x}{}% 3
\BOOKMARK [1][-]{section.2.1}{\376\377\0002\000.\0001\000\040\000C\000l\000a\000s\000s\000\040\000L\000i\000s\000t}{chapter.2}% 4
\BOOKMARK [0][-]{chapter.3}{\376\377\0003\000\040\000F\000i\000l\000e\000\040\000I\000n\000d\000e\000x}{}% 5
\BOOKMARK [1][-]{section.3.1}{\376\377\0003\000.\0001\000\040\000F\000i\000l\000e\000\040\000L\000i\000s\000t}{chapter.3}% 6
\BOOKMARK [0][-]{chapter.4}{\376\377\0004\000\040\000N\000a\000m\000e\000s\000p\000a\000c\000e\000\040\000D\000o\000c\000u\000m\000e\000n\000t\000a\000t\000i\000o\000n}{}% 7
\BOOKMARK [1][-]{section.4.1}{\376\377\0004\000.\0001\000\040\000b\000a\000d\000t\000h\000i\000n\000g\000s\000\040\000N\000a\000m\000e\000s\000p\000a\000c\000e\000\040\000R\000e\000f\000e\000r\000e\000n\000c\000e}{chapter.4}% 8
\BOOKMARK [2][-]{subsection.4.1.1}{\376\377\0004\000.\0001\000.\0001\000\040\000F\000u\000n\000c\000t\000i\000o\000n\000\040\000D\000o\000c\000u\000m\000e\000n\000t\000a\000t\000i\000o\000n}{section.4.1}% 9
\BOOKMARK [3][-]{subsubsection.4.1.1.1}{\376\377\0004\000.\0001\000.\0001\000.\0001\000\040\000e\000m\000p\000t\000y\000B\000a\000d\000T\000h\000i\000n\000g\000s\000\050\000\051}{subsection.4.1.1}% 10
\BOOKMARK [3][-]{subsubsection.4.1.1.2}{\376\377\0004\000.\0001\000.\0001\000.\0002\000\040\000l\000o\000o\000s\000e\000C\000l\000a\000s\000s\000\050\000\051}{subsection.4.1.1}% 11
\BOOKMARK [3][-]{subsubsection.4.1.1.3}{\376\377\0004\000.\0001\000.\0001\000.\0003\000\040\000l\000o\000o\000s\000e\000H\000a\000n\000d\000\050\000\051}{subsection.4.1.1}% 12
\BOOKMARK [3][-]{subsubsection.4.1.1.4}{\376\377\0004\000.\0001\000.\0001\000.\0004\000\040\000l\000o\000o\000s\000e\000L\000e\000v\000e\000l\000\050\000\051}{subsection.4.1.1}% 13
\BOOKMARK [3][-]{subsubsection.4.1.1.5}{\376\377\0004\000.\0001\000.\0001\000.\0005\000\040\000m\000a\000l\000e\000D\000e\000a\000d\000F\000e\000m\000a\000l\000e\000L\000e\000v\000e\000l\000D\000o\000w\000n\000\050\000\051}{subsection.4.1.1}% 14
\BOOKMARK [3][-]{subsubsection.4.1.1.6}{\376\377\0004\000.\0001\000.\0001\000.\0006\000\040\000p\000l\000a\000y\000e\000r\000D\000i\000e\000s\000\050\000\051}{subsection.4.1.1}% 15
\BOOKMARK [1][-]{section.4.2}{\376\377\0004\000.\0002\000\040\000c\000a\000r\000d\000t\000y\000p\000e\000a\000c\000t\000i\000o\000n\000\040\000N\000a\000m\000e\000s\000p\000a\000c\000e\000\040\000R\000e\000f\000e\000r\000e\000n\000c\000e}{chapter.4}% 16
\BOOKMARK [2][-]{subsection.4.2.1}{\376\377\0004\000.\0002\000.\0001\000\040\000F\000u\000n\000c\000t\000i\000o\000n\000\040\000D\000o\000c\000u\000m\000e\000n\000t\000a\000t\000i\000o\000n}{section.4.2}% 17
\BOOKMARK [3][-]{subsubsection.4.2.1.1}{\376\377\0004\000.\0002\000.\0001\000.\0001\000\040\000c\000u\000r\000s\000e\000\050\000\051}{subsection.4.2.1}% 18
\BOOKMARK [3][-]{subsubsection.4.2.1.2}{\376\377\0004\000.\0002\000.\0001\000.\0002\000\040\000i\000t\000e\000m\000\050\000\051}{subsection.4.2.1}% 19
\BOOKMARK [3][-]{subsubsection.4.2.1.3}{\376\377\0004\000.\0002\000.\0001\000.\0003\000\040\000i\000t\000e\000m\000B\000u\000f\000f\000\050\000\051}{subsection.4.2.1}% 20
\BOOKMARK [3][-]{subsubsection.4.2.1.4}{\376\377\0004\000.\0002\000.\0001\000.\0004\000\040\000j\000o\000k\000e\000r\000\050\000\051}{subsection.4.2.1}% 21
\BOOKMARK [3][-]{subsubsection.4.2.1.5}{\376\377\0004\000.\0002\000.\0001\000.\0005\000\040\000l\000v\000l\000U\000p\000\050\000\051}{subsection.4.2.1}% 22
\BOOKMARK [3][-]{subsubsection.4.2.1.6}{\376\377\0004\000.\0002\000.\0001\000.\0006\000\040\000m\000o\000n\000s\000t\000e\000r\000\050\000\051}{subsection.4.2.1}% 23
\BOOKMARK [3][-]{subsubsection.4.2.1.7}{\376\377\0004\000.\0002\000.\0001\000.\0007\000\040\000m\000u\000n\000c\000h\000C\000l\000a\000s\000s\000\050\000\051}{subsection.4.2.1}% 24
\BOOKMARK [3][-]{subsubsection.4.2.1.8}{\376\377\0004\000.\0002\000.\0001\000.\0008\000\040\000r\000a\000c\000e\000\050\000\051}{subsection.4.2.1}% 25
\BOOKMARK [1][-]{section.4.3}{\376\377\0004\000.\0003\000\040\000e\000x\000t\000r\000a\000s\000\040\000N\000a\000m\000e\000s\000p\000a\000c\000e\000\040\000R\000e\000f\000e\000r\000e\000n\000c\000e}{chapter.4}% 26
\BOOKMARK [1][-]{section.4.4}{\376\377\0004\000.\0004\000\040\000m\000u\000n\000c\000h\000\137\000t\000u\000t\000\040\000N\000a\000m\000e\000s\000p\000a\000c\000e\000\040\000R\000e\000f\000e\000r\000e\000n\000c\000e}{chapter.4}% 27
\BOOKMARK [2][-]{subsection.4.4.1}{\376\377\0004\000.\0004\000.\0001\000\040\000T\000y\000p\000e\000d\000e\000f\000\040\000D\000o\000c\000u\000m\000e\000n\000t\000a\000t\000i\000o\000n}{section.4.4}% 28
\BOOKMARK [3][-]{subsubsection.4.4.1.1}{\376\377\0004\000.\0004\000.\0001\000.\0001\000\040\000C\000o\000l\000o\000r}{subsection.4.4.1}% 29
\BOOKMARK [0][-]{chapter.5}{\376\377\0005\000\040\000C\000l\000a\000s\000s\000\040\000D\000o\000c\000u\000m\000e\000n\000t\000a\000t\000i\000o\000n}{}% 30
\BOOKMARK [1][-]{section.5.1}{\376\377\0005\000.\0001\000\040\000B\000a\000d\000T\000h\000i\000n\000g\000s\000R\000e\000t\000V\000a\000l\000\040\000S\000t\000r\000u\000c\000t\000\040\000R\000e\000f\000e\000r\000e\000n\000c\000e}{chapter.5}% 31
\BOOKMARK [1][-]{section.5.2}{\376\377\0005\000.\0002\000\040\000B\000u\000t\000t\000o\000n\000\040\000C\000l\000a\000s\000s\000\040\000R\000e\000f\000e\000r\000e\000n\000c\000e}{chapter.5}% 32
\BOOKMARK [2][-]{subsection.5.2.1}{\376\377\0005\000.\0002\000.\0001\000\040\000C\000o\000n\000s\000t\000r\000u\000c\000t\000o\000r\000\040\000\046\000\040\000D\000e\000s\000t\000r\000u\000c\000t\000o\000r\000\040\000D\000o\000c\000u\000m\000e\000n\000t\000a\000t\000i\000o\000n}{section.5.2}% 33
\BOOKMARK [3][-]{subsubsection.5.2.1.1}{\376\377\0005\000.\0002\000.\0001\000.\0001\000\040\000B\000u\000t\000t\000o\000n\000\050\000\051\000\040\000[\0001\000/\0003\000]}{subsection.5.2.1}% 34
\BOOKMARK [3][-]{subsubsection.5.2.1.2}{\376\377\0005\000.\0002\000.\0001\000.\0002\000\040\000B\000u\000t\000t\000o\000n\000\050\000\051\000\040\000[\0002\000/\0003\000]}{subsection.5.2.1}% 35
\BOOKMARK [3][-]{subsubsection.5.2.1.3}{\376\377\0005\000.\0002\000.\0001\000.\0003\000\040\000B\000u\000t\000t\000o\000n\000\050\000\051\000\040\000[\0003\000/\0003\000]}{subsection.5.2.1}% 36
\BOOKMARK [2][-]{subsection.5.2.2}{\376\377\0005\000.\0002\000.\0002\000\040\000M\000e\000m\000b\000e\000r\000\040\000F\000u\000n\000c\000t\000i\000o\000n\000\040\000D\000o\000c\000u\000m\000e\000n\000t\000a\000t\000i\000o\000n}{section.5.2}% 37
\BOOKMARK [3][-]{subsubsection.5.2.2.1}{\376\377\0005\000.\0002\000.\0002\000.\0001\000\040\000d\000r\000a\000w\000\050\000\051}{subsection.5.2.2}% 38
\BOOKMARK [3][-]{subsubsection.5.2.2.2}{\376\377\0005\000.\0002\000.\0002\000.\0002\000\040\000o\000p\000e\000r\000a\000t\000o\000r\000=\000\050\000\051\000\040\000[\0001\000/\0002\000]}{subsection.5.2.2}% 39
\BOOKMARK [3][-]{subsubsection.5.2.2.3}{\376\377\0005\000.\0002\000.\0002\000.\0003\000\040\000o\000p\000e\000r\000a\000t\000o\000r\000=\000\050\000\051\000\040\000[\0002\000/\0002\000]}{subsection.5.2.2}% 40
\BOOKMARK [3][-]{subsubsection.5.2.2.4}{\376\377\0005\000.\0002\000.\0002\000.\0004\000\040\000p\000o\000l\000l\000\137\000c\000l\000i\000c\000k\000\050\000\051}{subsection.5.2.2}% 41
\BOOKMARK [2][-]{subsection.5.2.3}{\376\377\0005\000.\0002\000.\0003\000\040\000M\000e\000m\000b\000e\000r\000\040\000D\000a\000t\000a\000\040\000D\000o\000c\000u\000m\000e\000n\000t\000a\000t\000i\000o\000n}{section.5.2}% 42
\BOOKMARK [3][-]{subsubsection.5.2.3.1}{\376\377\0005\000.\0002\000.\0003\000.\0001\000\040\000c\000a\000l\000l\000b\000a\000c\000k}{subsection.5.2.3}% 43
\BOOKMARK [3][-]{subsubsection.5.2.3.2}{\376\377\0005\000.\0002\000.\0003\000.\0002\000\040\000c\000o\000l\000o\000r}{subsection.5.2.3}% 44
\BOOKMARK [3][-]{subsubsection.5.2.3.3}{\376\377\0005\000.\0002\000.\0003\000.\0003\000\040\000i\000d}{subsection.5.2.3}% 45
\BOOKMARK [3][-]{subsubsection.5.2.3.4}{\376\377\0005\000.\0002\000.\0003\000.\0004\000\040\000o\000r\000i\000g\000i\000n}{subsection.5.2.3}% 46
\BOOKMARK [3][-]{subsubsection.5.2.3.5}{\376\377\0005\000.\0002\000.\0003\000.\0005\000\040\000r\000e\000c\000t}{subsection.5.2.3}% 47
\BOOKMARK [3][-]{subsubsection.5.2.3.6}{\376\377\0005\000.\0002\000.\0003\000.\0006\000\040\000v\000i\000s\000i\000b\000l\000e}{subsection.5.2.3}% 48
\BOOKMARK [1][-]{section.5.3}{\376\377\0005\000.\0003\000\040\000C\000a\000r\000d\000T\000y\000p\000e\000R\000e\000t\000V\000a\000l\000\040\000S\000t\000r\000u\000c\000t\000\040\000R\000e\000f\000e\000r\000e\000n\000c\000e}{chapter.5}% 49
\BOOKMARK [1][-]{section.5.4}{\376\377\0005\000.\0004\000\040\000E\000x\000t\000r\000a\000s\000R\000e\000t\000V\000a\000l\000\040\000S\000t\000r\000u\000c\000t\000\040\000R\000e\000f\000e\000r\000e\000n\000c\000e}{chapter.5}% 50
\BOOKMARK [1][-]{section.5.5}{\376\377\0005\000.\0005\000\040\000G\000a\000m\000e\000S\000t\000a\000t\000e\000\040\000S\000t\000r\000u\000c\000t\000\040\000R\000e\000f\000e\000r\000e\000n\000c\000e}{chapter.5}% 51
\BOOKMARK [2][-]{subsection.5.5.1}{\376\377\0005\000.\0005\000.\0001\000\040\000M\000e\000m\000b\000e\000r\000\040\000D\000a\000t\000a\000\040\000D\000o\000c\000u\000m\000e\000n\000t\000a\000t\000i\000o\000n}{section.5.5}% 52
\BOOKMARK [3][-]{subsubsection.5.5.1.1}{\376\377\0005\000.\0005\000.\0001\000.\0001\000\040\000b\000u\000t\000t\000o\000n\000s}{subsection.5.5.1}% 53
\BOOKMARK [3][-]{subsubsection.5.5.1.2}{\376\377\0005\000.\0005\000.\0001\000.\0002\000\040\000c\000a\000n\000v\000a\000s\000\137\000s\000i\000z\000e}{subsection.5.5.1}% 54
\BOOKMARK [3][-]{subsubsection.5.5.1.3}{\376\377\0005\000.\0005\000.\0001\000.\0003\000\040\000e\000n\000d\000\137\000t\000u\000r\000n}{subsection.5.5.1}% 55
\BOOKMARK [3][-]{subsubsection.5.5.1.4}{\376\377\0005\000.\0005\000.\0001\000.\0004\000\040\000m\000o\000u\000s\000e\000p\000a\000r\000a\000m\000s}{subsection.5.5.1}% 56
\BOOKMARK [3][-]{subsubsection.5.5.1.5}{\376\377\0005\000.\0005\000.\0001\000.\0005\000\040\000p\000l\000a\000y\000e\000r\0000\0001}{subsection.5.5.1}% 57
\BOOKMARK [3][-]{subsubsection.5.5.1.6}{\376\377\0005\000.\0005\000.\0001\000.\0006\000\040\000r\000e\000m\000o\000v\000e\000\137\000c\000a\000r\000d}{subsection.5.5.1}% 58
\BOOKMARK [3][-]{subsubsection.5.5.1.7}{\376\377\0005\000.\0005\000.\0001\000.\0007\000\040\000r\000u\000n\000\137\000a\000w\000a\000y}{subsection.5.5.1}% 59
\BOOKMARK [3][-]{subsubsection.5.5.1.8}{\376\377\0005\000.\0005\000.\0001\000.\0008\000\040\000s\000h\000o\000u\000l\000d\000\137\000c\000o\000n\000t\000i\000n\000u\000e}{subsection.5.5.1}% 60
\BOOKMARK [3][-]{subsubsection.5.5.1.9}{\376\377\0005\000.\0005\000.\0001\000.\0009\000\040\000s\000h\000o\000u\000l\000d\000\137\000e\000x\000i\000t}{subsection.5.5.1}% 61
\BOOKMARK [1][-]{section.5.6}{\376\377\0005\000.\0006\000\040\000I\000n\000p\000u\000t\000E\000v\000e\000n\000t\000\040\000S\000t\000r\000u\000c\000t\000\040\000R\000e\000f\000e\000r\000e\000n\000c\000e}{chapter.5}% 62
\BOOKMARK [2][-]{subsection.5.6.1}{\376\377\0005\000.\0006\000.\0001\000\040\000M\000e\000m\000b\000e\000r\000\040\000D\000a\000t\000a\000\040\000D\000o\000c\000u\000m\000e\000n\000t\000a\000t\000i\000o\000n}{section.5.6}% 63
\BOOKMARK [3][-]{subsubsection.5.6.1.1}{\376\377\0005\000.\0006\000.\0001\000.\0001\000\040\000t\000y\000p\000e}{subsection.5.6.1}% 64
\BOOKMARK [1][-]{section.5.7}{\376\377\0005\000.\0007\000\040\000M\000o\000u\000s\000e\000P\000a\000r\000a\000m\000s\000\040\000S\000t\000r\000u\000c\000t\000\040\000R\000e\000f\000e\000r\000e\000n\000c\000e}{chapter.5}% 65
\BOOKMARK [2][-]{subsection.5.7.1}{\376\377\0005\000.\0007\000.\0001\000\040\000M\000e\000m\000b\000e\000r\000\040\000D\000a\000t\000a\000\040\000D\000o\000c\000u\000m\000e\000n\000t\000a\000t\000i\000o\000n}{section.5.7}% 66
\BOOKMARK [3][-]{subsubsection.5.7.1.1}{\376\377\0005\000.\0007\000.\0001\000.\0001\000\040\000c\000l\000i\000c\000k\000P}{subsection.5.7.1}% 67
\BOOKMARK [3][-]{subsubsection.5.7.1.2}{\376\377\0005\000.\0007\000.\0001\000.\0002\000\040\000e\000v\000e\000n\000t}{subsection.5.7.1}% 68
\BOOKMARK [3][-]{subsubsection.5.7.1.3}{\376\377\0005\000.\0007\000.\0001\000.\0003\000\040\000m\000a\000r\000k\000e\000r\000C\000o\000r\000n\000e\000r}{subsection.5.7.1}% 69
\BOOKMARK [3][-]{subsubsection.5.7.1.4}{\376\377\0005\000.\0007\000.\0001\000.\0004\000\040\000m\000a\000r\000k\000e\000r\000I\000d}{subsection.5.7.1}% 70
\BOOKMARK [3][-]{subsubsection.5.7.1.5}{\376\377\0005\000.\0007\000.\0001\000.\0005\000\040\000p\000o\000l\000y}{subsection.5.7.1}% 71
\BOOKMARK [3][-]{subsubsection.5.7.1.6}{\376\377\0005\000.\0007\000.\0001\000.\0006\000\040\000t\000u\000t\000T\000e\000x\000t}{subsection.5.7.1}% 72
\BOOKMARK [1][-]{section.5.8}{\376\377\0005\000.\0008\000\040\000M\000u\000n\000c\000h\000k\000i\000n\000C\000a\000r\000d\000\040\000C\000l\000a\000s\000s\000\040\000R\000e\000f\000e\000r\000e\000n\000c\000e}{chapter.5}% 73
\BOOKMARK [2][-]{subsection.5.8.1}{\376\377\0005\000.\0008\000.\0001\000\040\000C\000o\000n\000s\000t\000r\000u\000c\000t\000o\000r\000\040\000\046\000\040\000D\000e\000s\000t\000r\000u\000c\000t\000o\000r\000\040\000D\000o\000c\000u\000m\000e\000n\000t\000a\000t\000i\000o\000n}{section.5.8}% 74
\BOOKMARK [3][-]{subsubsection.5.8.1.1}{\376\377\0005\000.\0008\000.\0001\000.\0001\000\040\000M\000u\000n\000c\000h\000k\000i\000n\000C\000a\000r\000d\000\050\000\051\000\040\000[\0001\000/\0004\000]}{subsection.5.8.1}% 75
\BOOKMARK [3][-]{subsubsection.5.8.1.2}{\376\377\0005\000.\0008\000.\0001\000.\0002\000\040\000M\000u\000n\000c\000h\000k\000i\000n\000C\000a\000r\000d\000\050\000\051\000\040\000[\0002\000/\0004\000]}{subsection.5.8.1}% 76
\BOOKMARK [3][-]{subsubsection.5.8.1.3}{\376\377\0005\000.\0008\000.\0001\000.\0003\000\040\000M\000u\000n\000c\000h\000k\000i\000n\000C\000a\000r\000d\000\050\000\051\000\040\000[\0003\000/\0004\000]}{subsection.5.8.1}% 77
\BOOKMARK [3][-]{subsubsection.5.8.1.4}{\376\377\0005\000.\0008\000.\0001\000.\0004\000\040\000M\000u\000n\000c\000h\000k\000i\000n\000C\000a\000r\000d\000\050\000\051\000\040\000[\0004\000/\0004\000]}{subsection.5.8.1}% 78
\BOOKMARK [2][-]{subsection.5.8.2}{\376\377\0005\000.\0008\000.\0002\000\040\000M\000e\000m\000b\000e\000r\000\040\000F\000u\000n\000c\000t\000i\000o\000n\000\040\000D\000o\000c\000u\000m\000e\000n\000t\000a\000t\000i\000o\000n}{section.5.8}% 79
\BOOKMARK [3][-]{subsubsection.5.8.2.1}{\376\377\0005\000.\0008\000.\0002\000.\0001\000\040\000c\000a\000r\000d\000s\000C\000o\000n\000s\000t\000r\000\050\000\051}{subsection.5.8.2}% 80
\BOOKMARK [3][-]{subsubsection.5.8.2.2}{\376\377\0005\000.\0008\000.\0002\000.\0002\000\040\000o\000p\000e\000r\000a\000t\000o\000r\000=\000\050\000\051\000\040\000[\0001\000/\0002\000]}{subsection.5.8.2}% 81
\BOOKMARK [3][-]{subsubsection.5.8.2.3}{\376\377\0005\000.\0008\000.\0002\000.\0003\000\040\000o\000p\000e\000r\000a\000t\000o\000r\000=\000\050\000\051\000\040\000[\0002\000/\0002\000]}{subsection.5.8.2}% 82
\BOOKMARK [2][-]{subsection.5.8.3}{\376\377\0005\000.\0008\000.\0003\000\040\000M\000e\000m\000b\000e\000r\000\040\000D\000a\000t\000a\000\040\000D\000o\000c\000u\000m\000e\000n\000t\000a\000t\000i\000o\000n}{section.5.8}% 83
\BOOKMARK [3][-]{subsubsection.5.8.3.1}{\376\377\0005\000.\0008\000.\0003\000.\0001\000\040\000b\000a\000d\000T\000h\000i\000n\000g\000s}{subsection.5.8.3}% 84
\BOOKMARK [3][-]{subsubsection.5.8.3.2}{\376\377\0005\000.\0008\000.\0003\000.\0002\000\040\000b\000a\000d\000T\000h\000i\000n\000g\000s\000F\000u\000n\000c}{subsection.5.8.3}% 85
\BOOKMARK [3][-]{subsubsection.5.8.3.3}{\376\377\0005\000.\0008\000.\0003\000.\0003\000\040\000b\000o\000n\000i\000s}{subsection.5.8.3}% 86
\BOOKMARK [3][-]{subsubsection.5.8.3.4}{\376\377\0005\000.\0008\000.\0003\000.\0004\000\040\000c\000a\000r\000d\000N\000a\000m\000e}{subsection.5.8.3}% 87
\BOOKMARK [3][-]{subsubsection.5.8.3.5}{\376\377\0005\000.\0008\000.\0003\000.\0005\000\040\000d\000e\000b\000u\000f\000f}{subsection.5.8.3}% 88
\BOOKMARK [3][-]{subsubsection.5.8.3.6}{\376\377\0005\000.\0008\000.\0003\000.\0006\000\040\000e\000f\000f\000e\000c\000t}{subsection.5.8.3}% 89
\BOOKMARK [3][-]{subsubsection.5.8.3.7}{\376\377\0005\000.\0008\000.\0003\000.\0007\000\040\000h\000a\000n\000d\000s\000N\000e\000e\000d\000e\000d}{subsection.5.8.3}% 90
\BOOKMARK [3][-]{subsubsection.5.8.3.8}{\376\377\0005\000.\0008\000.\0003\000.\0008\000\040\000i\000t\000e\000m\000E\000f\000f\000e\000c\000t}{subsection.5.8.3}% 91
\BOOKMARK [3][-]{subsubsection.5.8.3.9}{\376\377\0005\000.\0008\000.\0003\000.\0009\000\040\000i\000t\000e\000m\000L\000a\000r\000g\000e}{subsection.5.8.3}% 92
\BOOKMARK [3][-]{subsubsection.5.8.3.10}{\376\377\0005\000.\0008\000.\0003\000.\0001\0000\000\040\000i\000t\000e\000m\000N\000e\000e\000d\000s}{subsection.5.8.3}% 93
\BOOKMARK [3][-]{subsubsection.5.8.3.11}{\376\377\0005\000.\0008\000.\0003\000.\0001\0001\000\040\000i\000t\000e\000m\000T\000y\000p\000e}{subsection.5.8.3}% 94
\BOOKMARK [3][-]{subsubsection.5.8.3.12}{\376\377\0005\000.\0008\000.\0003\000.\0001\0002\000\040\000i\000t\000e\000m\000V\000a\000l\000u\000e}{subsection.5.8.3}% 95
\BOOKMARK [3][-]{subsubsection.5.8.3.13}{\376\377\0005\000.\0008\000.\0003\000.\0001\0003\000\040\000l\000v\000l\000U\000p}{subsection.5.8.3}% 96
\BOOKMARK [3][-]{subsubsection.5.8.3.14}{\376\377\0005\000.\0008\000.\0003\000.\0001\0004\000\040\000m\000a\000r\000k\000e\000r\000I\000D}{subsection.5.8.3}% 97
\BOOKMARK [3][-]{subsubsection.5.8.3.15}{\376\377\0005\000.\0008\000.\0003\000.\0001\0005\000\040\000m\000o\000n\000s\000S\000t\000r\000e\000n\000g\000t\000h}{subsection.5.8.3}% 98
\BOOKMARK [3][-]{subsubsection.5.8.3.16}{\376\377\0005\000.\0008\000.\0003\000.\0001\0006\000\040\000p\000a\000r\000e\000n\000t\000C\000a\000r\000d\000T\000y\000p\000e}{subsection.5.8.3}% 99
\BOOKMARK [3][-]{subsubsection.5.8.3.17}{\376\377\0005\000.\0008\000.\0003\000.\0001\0007\000\040\000s\000t\000r\000e\000n\000g\000t\000h\000B\000o\000n\000i}{subsection.5.8.3}% 100
\BOOKMARK [3][-]{subsubsection.5.8.3.18}{\376\377\0005\000.\0008\000.\0003\000.\0001\0008\000\040\000t\000r\000e\000a\000s\000u\000r\000e\000s}{subsection.5.8.3}% 101
\BOOKMARK [3][-]{subsubsection.5.8.3.19}{\376\377\0005\000.\0008\000.\0003\000.\0001\0009\000\040\000t\000y\000p\000e}{subsection.5.8.3}% 102
\BOOKMARK [1][-]{section.5.9}{\376\377\0005\000.\0009\000\040\000P\000l\000a\000y\000e\000r\000S\000t\000a\000t\000s\000\040\000S\000t\000r\000u\000c\000t\000\040\000R\000e\000f\000e\000r\000e\000n\000c\000e}{chapter.5}% 103
\BOOKMARK [2][-]{subsection.5.9.1}{\376\377\0005\000.\0009\000.\0001\000\040\000M\000e\000m\000b\000e\000r\000\040\000D\000a\000t\000a\000\040\000D\000o\000c\000u\000m\000e\000n\000t\000a\000t\000i\000o\000n}{section.5.9}% 104
\BOOKMARK [3][-]{subsubsection.5.9.1.1}{\376\377\0005\000.\0009\000.\0001\000.\0001\000\040\000a\000v\000a\000i\000l\000a\000b\000l\000e\000C\000l\000a\000s\000s\000e\000s}{subsection.5.9.1}% 105
\BOOKMARK [3][-]{subsubsection.5.9.1.2}{\376\377\0005\000.\0009\000.\0001\000.\0002\000\040\000a\000v\000a\000i\000l\000a\000b\000l\000e\000R\000a\000c\000e\000s}{subsection.5.9.1}% 106
\BOOKMARK [3][-]{subsubsection.5.9.1.3}{\376\377\0005\000.\0009\000.\0001\000.\0003\000\040\000b\000o\000n\000i\000s}{subsection.5.9.1}% 107
\BOOKMARK [3][-]{subsubsection.5.9.1.4}{\376\377\0005\000.\0009\000.\0001\000.\0004\000\040\000c\000a\000r\000r\000i\000e\000s\000L\000a\000r\000g\000e\000I\000t\000e\000m\000s}{subsection.5.9.1}% 108
\BOOKMARK [3][-]{subsubsection.5.9.1.5}{\376\377\0005\000.\0009\000.\0001\000.\0005\000\040\000c\000u\000r\000s\000e\000s}{subsection.5.9.1}% 109
\BOOKMARK [3][-]{subsubsection.5.9.1.6}{\376\377\0005\000.\0009\000.\0001\000.\0006\000\040\000h\000a\000n\000d\000s}{subsection.5.9.1}% 110
\BOOKMARK [3][-]{subsubsection.5.9.1.7}{\376\377\0005\000.\0009\000.\0001\000.\0007\000\040\000h\000a\000s\000A\000r\000m\000o\000r}{subsection.5.9.1}% 111
\BOOKMARK [3][-]{subsubsection.5.9.1.8}{\376\377\0005\000.\0009\000.\0001\000.\0008\000\040\000h\000a\000s\000H\000a\000t}{subsection.5.9.1}% 112
\BOOKMARK [3][-]{subsubsection.5.9.1.9}{\376\377\0005\000.\0009\000.\0001\000.\0009\000\040\000h\000a\000s\000S\000h\000o\000e\000s}{subsection.5.9.1}% 113
\BOOKMARK [3][-]{subsubsection.5.9.1.10}{\376\377\0005\000.\0009\000.\0001\000.\0001\0000\000\040\000i\000t\000e\000m\000E\000f\000f\000e\000c\000t\000s}{subsection.5.9.1}% 114
\BOOKMARK [3][-]{subsubsection.5.9.1.11}{\376\377\0005\000.\0009\000.\0001\000.\0001\0001\000\040\000l\000v\000l}{subsection.5.9.1}% 115
\BOOKMARK [3][-]{subsubsection.5.9.1.12}{\376\377\0005\000.\0009\000.\0001\000.\0001\0002\000\040\000m\000u\000n\000c\000h\000C\000l\000a\000s\000s\000e\000s}{subsection.5.9.1}% 116
\BOOKMARK [3][-]{subsubsection.5.9.1.13}{\376\377\0005\000.\0009\000.\0001\000.\0001\0003\000\040\000m\000u\000n\000c\000h\000R\000a\000c\000e\000s}{subsection.5.9.1}% 117
\BOOKMARK [3][-]{subsubsection.5.9.1.14}{\376\377\0005\000.\0009\000.\0001\000.\0001\0004\000\040\000r\000u\000n\000S\000t\000r\000e\000n\000g\000t\000h}{subsection.5.9.1}% 118
\BOOKMARK [3][-]{subsubsection.5.9.1.15}{\376\377\0005\000.\0009\000.\0001\000.\0001\0005\000\040\000s\000e\000x}{subsection.5.9.1}% 119
\BOOKMARK [3][-]{subsubsection.5.9.1.16}{\376\377\0005\000.\0009\000.\0001\000.\0001\0006\000\040\000s\000t\000r\000e\000n\000g\000t\000h}{subsection.5.9.1}% 120
\BOOKMARK [0][-]{chapter.6}{\376\377\0006\000\040\000F\000i\000l\000e\000\040\000D\000o\000c\000u\000m\000e\000n\000t\000a\000t\000i\000o\000n}{}% 121
\BOOKMARK [1][-]{section.6.1}{\376\377\0006\000.\0001\000\040\000B\000a\000d\000T\000h\000i\000n\000g\000s\000.\000c\000p\000p\000\040\000F\000i\000l\000e\000\040\000R\000e\000f\000e\000r\000e\000n\000c\000e}{chapter.6}% 122
\BOOKMARK [1][-]{section.6.2}{\376\377\0006\000.\0002\000\040\000B\000a\000d\000T\000h\000i\000n\000g\000s\000.\000h\000\040\000F\000i\000l\000e\000\040\000R\000e\000f\000e\000r\000e\000n\000c\000e}{chapter.6}% 123
\BOOKMARK [2][-]{subsection.6.2.1}{\376\377\0006\000.\0002\000.\0001\000\040\000T\000y\000p\000e\000d\000e\000f\000\040\000D\000o\000c\000u\000m\000e\000n\000t\000a\000t\000i\000o\000n}{section.6.2}% 124
\BOOKMARK [3][-]{subsubsection.6.2.1.1}{\376\377\0006\000.\0002\000.\0001\000.\0001\000\040\000B\000a\000d\000T\000h\000i\000n\000g\000s\000F\000u\000n\000c}{subsection.6.2.1}% 125
\BOOKMARK [1][-]{section.6.3}{\376\377\0006\000.\0003\000\040\000B\000u\000t\000t\000o\000n\000.\000c\000p\000p\000\040\000F\000i\000l\000e\000\040\000R\000e\000f\000e\000r\000e\000n\000c\000e}{chapter.6}% 126
\BOOKMARK [1][-]{section.6.4}{\376\377\0006\000.\0004\000\040\000B\000u\000t\000t\000o\000n\000.\000h\000\040\000F\000i\000l\000e\000\040\000R\000e\000f\000e\000r\000e\000n\000c\000e}{chapter.6}% 127
\BOOKMARK [2][-]{subsection.6.4.1}{\376\377\0006\000.\0004\000.\0001\000\040\000T\000y\000p\000e\000d\000e\000f\000\040\000D\000o\000c\000u\000m\000e\000n\000t\000a\000t\000i\000o\000n}{section.6.4}% 128
\BOOKMARK [3][-]{subsubsection.6.4.1.1}{\376\377\0006\000.\0004\000.\0001\000.\0001\000\040\000b\000u\000t\000t\000o\000n\000\137\000c\000a\000l\000l\000b\000a\000c\000k}{subsection.6.4.1}% 129
\BOOKMARK [2][-]{subsection.6.4.2}{\376\377\0006\000.\0004\000.\0002\000\040\000E\000n\000u\000m\000e\000r\000a\000t\000i\000o\000n\000\040\000T\000y\000p\000e\000\040\000D\000o\000c\000u\000m\000e\000n\000t\000a\000t\000i\000o\000n}{section.6.4}% 130
\BOOKMARK [3][-]{subsubsection.6.4.2.1}{\376\377\0006\000.\0004\000.\0002\000.\0001\000\040\000B\000u\000t\000t\000o\000n\000O\000r\000i\000g\000i\000n}{subsection.6.4.2}% 131
\BOOKMARK [1][-]{section.6.5}{\376\377\0006\000.\0005\000\040\000C\000a\000r\000d\000T\000y\000p\000e\000A\000c\000t\000i\000o\000n\000s\000.\000c\000p\000p\000\040\000F\000i\000l\000e\000\040\000R\000e\000f\000e\000r\000e\000n\000c\000e}{chapter.6}% 132
\BOOKMARK [2][-]{subsection.6.5.1}{\376\377\0006\000.\0005\000.\0001\000\040\000F\000u\000n\000c\000t\000i\000o\000n\000\040\000D\000o\000c\000u\000m\000e\000n\000t\000a\000t\000i\000o\000n}{section.6.5}% 133
\BOOKMARK [3][-]{subsubsection.6.5.1.1}{\376\377\0006\000.\0005\000.\0001\000.\0001\000\040\000r\000u\000n\000A\000w\000a\000y\000\050\000\051}{subsection.6.5.1}% 134
\BOOKMARK [1][-]{section.6.6}{\376\377\0006\000.\0006\000\040\000C\000a\000r\000d\000T\000y\000p\000e\000A\000c\000t\000i\000o\000n\000s\000.\000h\000\040\000F\000i\000l\000e\000\040\000R\000e\000f\000e\000r\000e\000n\000c\000e}{chapter.6}% 135
\BOOKMARK [2][-]{subsection.6.6.1}{\376\377\0006\000.\0006\000.\0001\000\040\000T\000y\000p\000e\000d\000e\000f\000\040\000D\000o\000c\000u\000m\000e\000n\000t\000a\000t\000i\000o\000n}{section.6.6}% 136
\BOOKMARK [3][-]{subsubsection.6.6.1.1}{\376\377\0006\000.\0006\000.\0001\000.\0001\000\040\000C\000a\000r\000d\000T\000y\000p\000e\000F\000u\000n\000c}{subsection.6.6.1}% 137
\BOOKMARK [1][-]{section.6.7}{\376\377\0006\000.\0007\000\040\000c\000o\000m\000m\000o\000n\000.\000h\000\040\000F\000i\000l\000e\000\040\000R\000e\000f\000e\000r\000e\000n\000c\000e}{chapter.6}% 138
\BOOKMARK [1][-]{section.6.8}{\376\377\0006\000.\0008\000\040\000E\000x\000t\000r\000a\000s\000.\000c\000p\000p\000\040\000F\000i\000l\000e\000\040\000R\000e\000f\000e\000r\000e\000n\000c\000e}{chapter.6}% 139
\BOOKMARK [1][-]{section.6.9}{\376\377\0006\000.\0009\000\040\000E\000x\000t\000r\000a\000s\000.\000h\000\040\000F\000i\000l\000e\000\040\000R\000e\000f\000e\000r\000e\000n\000c\000e}{chapter.6}% 140
\BOOKMARK [2][-]{subsection.6.9.1}{\376\377\0006\000.\0009\000.\0001\000\040\000T\000y\000p\000e\000d\000e\000f\000\040\000D\000o\000c\000u\000m\000e\000n\000t\000a\000t\000i\000o\000n}{section.6.9}% 141
\BOOKMARK [3][-]{subsubsection.6.9.1.1}{\376\377\0006\000.\0009\000.\0001\000.\0001\000\040\000E\000x\000t\000r\000a\000s\000F\000u\000n\000c}{subsection.6.9.1}% 142
\BOOKMARK [1][-]{section.6.10}{\376\377\0006\000.\0001\0000\000\040\000G\000a\000m\000e\000S\000t\000a\000t\000e\000.\000h\000\040\000F\000i\000l\000e\000\040\000R\000e\000f\000e\000r\000e\000n\000c\000e}{chapter.6}% 143
\BOOKMARK [2][-]{subsection.6.10.1}{\376\377\0006\000.\0001\0000\000.\0001\000\040\000E\000n\000u\000m\000e\000r\000a\000t\000i\000o\000n\000\040\000T\000y\000p\000e\000\040\000D\000o\000c\000u\000m\000e\000n\000t\000a\000t\000i\000o\000n}{section.6.10}% 144
\BOOKMARK [3][-]{subsubsection.6.10.1.1}{\376\377\0006\000.\0001\0000\000.\0001\000.\0001\000\040\000M\000o\000u\000s\000e\000E\000v\000e\000n\000t}{subsection.6.10.1}% 145
\BOOKMARK [1][-]{section.6.11}{\376\377\0006\000.\0001\0001\000\040\000I\000n\000p\000u\000t\000E\000v\000e\000n\000t\000.\000h\000\040\000F\000i\000l\000e\000\040\000R\000e\000f\000e\000r\000e\000n\000c\000e}{chapter.6}% 146
\BOOKMARK [2][-]{subsection.6.11.1}{\376\377\0006\000.\0001\0001\000.\0001\000\040\000E\000n\000u\000m\000e\000r\000a\000t\000i\000o\000n\000\040\000T\000y\000p\000e\000\040\000D\000o\000c\000u\000m\000e\000n\000t\000a\000t\000i\000o\000n}{section.6.11}% 147
\BOOKMARK [3][-]{subsubsection.6.11.1.1}{\376\377\0006\000.\0001\0001\000.\0001\000.\0001\000\040\000E\000v\000e\000n\000t\000T\000y\000p\000e}{subsection.6.11.1}% 148
\BOOKMARK [1][-]{section.6.12}{\376\377\0006\000.\0001\0002\000\040\000m\000a\000i\000n\000.\000c\000p\000p\000\040\000F\000i\000l\000e\000\040\000R\000e\000f\000e\000r\000e\000n\000c\000e}{chapter.6}% 149
\BOOKMARK [2][-]{subsection.6.12.1}{\376\377\0006\000.\0001\0002\000.\0001\000\040\000F\000u\000n\000c\000t\000i\000o\000n\000\040\000D\000o\000c\000u\000m\000e\000n\000t\000a\000t\000i\000o\000n}{section.6.12}% 150
\BOOKMARK [3][-]{subsubsection.6.12.1.1}{\376\377\0006\000.\0001\0002\000.\0001\000.\0001\000\040\000b\000u\000t\000t\000o\000n\000\137\000c\000o\000n\000t\000i\000n\000u\000e\000\050\000\051}{subsection.6.12.1}% 151
\BOOKMARK [3][-]{subsubsection.6.12.1.2}{\376\377\0006\000.\0001\0002\000.\0001\000.\0002\000\040\000b\000u\000t\000t\000o\000n\000\137\000e\000n\000d\000\137\000t\000u\000r\000n\000\050\000\051}{subsection.6.12.1}% 152
\BOOKMARK [3][-]{subsubsection.6.12.1.3}{\376\377\0006\000.\0001\0002\000.\0001\000.\0003\000\040\000b\000u\000t\000t\000o\000n\000\137\000e\000x\000i\000t\000\050\000\051}{subsection.6.12.1}% 153
\BOOKMARK [3][-]{subsubsection.6.12.1.4}{\376\377\0006\000.\0001\0002\000.\0001\000.\0004\000\040\000c\000a\000l\000l\000B\000a\000c\000k\000F\000u\000n\000c\000t\000i\000o\000n\000\050\000\051}{subsection.6.12.1}% 154
\BOOKMARK [3][-]{subsubsection.6.12.1.5}{\376\377\0006\000.\0001\0002\000.\0001\000.\0005\000\040\000c\000a\000m\000e\000r\000a\000C\000a\000l\000i\000b\000r\000a\000t\000i\000o\000n\000\050\000\051}{subsection.6.12.1}% 155
\BOOKMARK [3][-]{subsubsection.6.12.1.6}{\376\377\0006\000.\0001\0002\000.\0001\000.\0006\000\040\000c\000a\000m\000e\000r\000a\000C\000a\000l\000i\000b\000r\000a\000t\000i\000o\000n\000P\000r\000o\000c\000e\000s\000s\000\050\000\051}{subsection.6.12.1}% 156
\BOOKMARK [3][-]{subsubsection.6.12.1.7}{\376\377\0006\000.\0001\0002\000.\0001\000.\0007\000\040\000c\000h\000o\000o\000s\000e\000C\000a\000r\000d\000C\000o\000l\000o\000r\000\050\000\051}{subsection.6.12.1}% 157
\BOOKMARK [3][-]{subsubsection.6.12.1.8}{\376\377\0006\000.\0001\0002\000.\0001\000.\0008\000\040\000c\000r\000e\000a\000t\000e\000A\000r\000u\000c\000o\000M\000a\000r\000k\000e\000r\000s\000\050\000\051}{subsection.6.12.1}% 158
\BOOKMARK [3][-]{subsubsection.6.12.1.9}{\376\377\0006\000.\0001\0002\000.\0001\000.\0009\000\040\000c\000r\000e\000a\000t\000e\000K\000n\000o\000w\000n\000B\000o\000a\000r\000d\000P\000o\000s\000i\000t\000i\000o\000n\000s\000\050\000\051}{subsection.6.12.1}% 159
\BOOKMARK [3][-]{subsubsection.6.12.1.10}{\376\377\0006\000.\0001\0002\000.\0001\000.\0001\0000\000\040\000g\000e\000t\000C\000h\000e\000s\000s\000b\000o\000a\000r\000d\000C\000o\000r\000n\000e\000r\000s\000\050\000\051}{subsection.6.12.1}% 160
\BOOKMARK [3][-]{subsubsection.6.12.1.11}{\376\377\0006\000.\0001\0002\000.\0001\000.\0001\0001\000\040\000l\000o\000a\000d\000C\000a\000m\000e\000r\000a\000C\000a\000l\000i\000b\000r\000a\000t\000i\000o\000n\000\050\000\051}{subsection.6.12.1}% 161
\BOOKMARK [3][-]{subsubsection.6.12.1.12}{\376\377\0006\000.\0001\0002\000.\0001\000.\0001\0002\000\040\000l\000o\000g\000i\000c\000\050\000\051}{subsection.6.12.1}% 162
\BOOKMARK [3][-]{subsubsection.6.12.1.13}{\376\377\0006\000.\0001\0002\000.\0001\000.\0001\0003\000\040\000m\000a\000i\000n\000\050\000\051}{subsection.6.12.1}% 163
\BOOKMARK [3][-]{subsubsection.6.12.1.14}{\376\377\0006\000.\0001\0002\000.\0001\000.\0001\0004\000\040\000s\000a\000v\000e\000C\000a\000m\000e\000r\000a\000C\000a\000l\000i\000b\000r\000a\000t\000i\000o\000n\000\050\000\051}{subsection.6.12.1}% 164
\BOOKMARK [3][-]{subsubsection.6.12.1.15}{\376\377\0006\000.\0001\0002\000.\0001\000.\0001\0005\000\040\000s\000t\000a\000r\000t\000W\000e\000b\000c\000a\000m\000M\000o\000n\000i\000t\000o\000r\000i\000n\000g\000\050\000\051}{subsection.6.12.1}% 165
\BOOKMARK [3][-]{subsubsection.6.12.1.16}{\376\377\0006\000.\0001\0002\000.\0001\000.\0001\0006\000\040\000u\000p\000d\000a\000t\000e\000\050\000\051}{subsection.6.12.1}% 166
\BOOKMARK [2][-]{subsection.6.12.2}{\376\377\0006\000.\0001\0002\000.\0002\000\040\000V\000a\000r\000i\000a\000b\000l\000e\000\040\000D\000o\000c\000u\000m\000e\000n\000t\000a\000t\000i\000o\000n}{section.6.12}% 167
\BOOKMARK [3][-]{subsubsection.6.12.2.1}{\376\377\0006\000.\0001\0002\000.\0002\000.\0001\000\040\000a\000r\000u\000c\000o\000S\000q\000u\000a\000r\000e\000D\000i\000m\000e\000n\000s\000i\000o\000n}{subsection.6.12.2}% 168
\BOOKMARK [3][-]{subsubsection.6.12.2.2}{\376\377\0006\000.\0001\0002\000.\0002\000.\0002\000\040\000c\000a\000l\000b\000i\000r\000a\000t\000i\000o\000n\000S\000q\000u\000a\000r\000e\000D\000i\000m\000e\000n\000s\000i\000o\000n}{subsection.6.12.2}% 169
\BOOKMARK [3][-]{subsubsection.6.12.2.3}{\376\377\0006\000.\0001\0002\000.\0002\000.\0003\000\040\000c\000a\000r\000d\000s}{subsection.6.12.2}% 170
\BOOKMARK [3][-]{subsubsection.6.12.2.4}{\376\377\0006\000.\0001\0002\000.\0002\000.\0004\000\040\000c\000h\000e\000s\000s\000b\000o\000a\000r\000d\000D\000i\000m\000e\000n\000s\000i\000o\000n\000s}{subsection.6.12.2}% 171
\BOOKMARK [3][-]{subsubsection.6.12.2.5}{\376\377\0006\000.\0001\0002\000.\0002\000.\0005\000\040\000f\000u\000n\000c\000t\000M\000a\000p}{subsection.6.12.2}% 172
\BOOKMARK [3][-]{subsubsection.6.12.2.6}{\376\377\0006\000.\0001\0002\000.\0002\000.\0006\000\040\000g\000a\000m\000e\000s\000t\000a\000t\000e}{subsection.6.12.2}% 173
\BOOKMARK [1][-]{section.6.13}{\376\377\0006\000.\0001\0003\000\040\000M\000u\000n\000c\000h\000k\000i\000n\000C\000a\000r\000d\000s\000.\000c\000p\000p\000\040\000F\000i\000l\000e\000\040\000R\000e\000f\000e\000r\000e\000n\000c\000e}{chapter.6}% 174
\BOOKMARK [1][-]{section.6.14}{\376\377\0006\000.\0001\0004\000\040\000M\000u\000n\000c\000h\000k\000i\000n\000C\000a\000r\000d\000s\000.\000h\000\040\000F\000i\000l\000e\000\040\000R\000e\000f\000e\000r\000e\000n\000c\000e}{chapter.6}% 175
\BOOKMARK [2][-]{subsection.6.14.1}{\376\377\0006\000.\0001\0004\000.\0001\000\040\000E\000n\000u\000m\000e\000r\000a\000t\000i\000o\000n\000\040\000T\000y\000p\000e\000\040\000D\000o\000c\000u\000m\000e\000n\000t\000a\000t\000i\000o\000n}{section.6.14}% 176
\BOOKMARK [3][-]{subsubsection.6.14.1.1}{\376\377\0006\000.\0001\0004\000.\0001\000.\0001\000\040\000C\000a\000r\000d\000T\000y\000p\000e}{subsection.6.14.1}% 177
\BOOKMARK [3][-]{subsubsection.6.14.1.2}{\376\377\0006\000.\0001\0004\000.\0001\000.\0002\000\040\000I\000t\000e\000m\000T\000y\000p\000e}{subsection.6.14.1}% 178
\BOOKMARK [3][-]{subsubsection.6.14.1.3}{\376\377\0006\000.\0001\0004\000.\0001\000.\0003\000\040\000P\000a\000r\000e\000n\000t\000C\000a\000r\000d\000T\000y\000p\000e}{subsection.6.14.1}% 179
\BOOKMARK [1][-]{section.6.15}{\376\377\0006\000.\0001\0005\000\040\000T\000T\000M\000u\000n\000c\000h\000k\000i\000n\000T\000u\000t\000.\000c\000p\000p\000\040\000F\000i\000l\000e\000\040\000R\000e\000f\000e\000r\000e\000n\000c\000e}{chapter.6}% 180
\BOOKMARK [0][-]{section*.38}{\376\377\000I\000n\000d\000e\000x}{}% 181
