\BOOKMARK [0][-]{chapter.1}{\376\377\0001\000\040\000N\000a\000m\000e\000s\000p\000a\000c\000e\000\040\000I\000n\000d\000e\000x}{}% 1
\BOOKMARK [1][-]{section.1.1}{\376\377\0001\000.\0001\000\040\000N\000a\000m\000e\000s\000p\000a\000c\000e\000\040\000L\000i\000s\000t}{chapter.1}% 2
\BOOKMARK [0][-]{chapter.2}{\376\377\0002\000\040\000C\000l\000a\000s\000s\000\040\000I\000n\000d\000e\000x}{}% 3
\BOOKMARK [1][-]{section.2.1}{\376\377\0002\000.\0001\000\040\000C\000l\000a\000s\000s\000\040\000L\000i\000s\000t}{chapter.2}% 4
\BOOKMARK [0][-]{chapter.3}{\376\377\0003\000\040\000F\000i\000l\000e\000\040\000I\000n\000d\000e\000x}{}% 5
\BOOKMARK [1][-]{section.3.1}{\376\377\0003\000.\0001\000\040\000F\000i\000l\000e\000\040\000L\000i\000s\000t}{chapter.3}% 6
\BOOKMARK [0][-]{chapter.4}{\376\377\0004\000\040\000N\000a\000m\000e\000s\000p\000a\000c\000e\000\040\000D\000o\000c\000u\000m\000e\000n\000t\000a\000t\000i\000o\000n}{}% 7
\BOOKMARK [1][-]{section.4.1}{\376\377\0004\000.\0001\000\040\000b\000a\000d\000t\000h\000i\000n\000g\000s\000\040\000N\000a\000m\000e\000s\000p\000a\000c\000e\000\040\000R\000e\000f\000e\000r\000e\000n\000c\000e}{chapter.4}% 8
\BOOKMARK [2][-]{subsection.4.1.1}{\376\377\0004\000.\0001\000.\0001\000\040\000D\000e\000t\000a\000i\000l\000e\000d\000\040\000D\000e\000s\000c\000r\000i\000p\000t\000i\000o\000n}{section.4.1}% 9
\BOOKMARK [2][-]{subsection.4.1.2}{\376\377\0004\000.\0001\000.\0002\000\040\000F\000u\000n\000c\000t\000i\000o\000n\000\040\000D\000o\000c\000u\000m\000e\000n\000t\000a\000t\000i\000o\000n}{section.4.1}% 10
\BOOKMARK [3][-]{subsubsection.4.1.2.1}{\376\377\0004\000.\0001\000.\0002\000.\0001\000\040\000e\000m\000p\000t\000y\000B\000a\000d\000T\000h\000i\000n\000g\000s\000\050\000\051}{subsection.4.1.2}% 11
\BOOKMARK [3][-]{subsubsection.4.1.2.2}{\376\377\0004\000.\0001\000.\0002\000.\0002\000\040\000l\000o\000o\000s\000e\000C\000l\000a\000s\000s\000\050\000\051}{subsection.4.1.2}% 12
\BOOKMARK [3][-]{subsubsection.4.1.2.3}{\376\377\0004\000.\0001\000.\0002\000.\0003\000\040\000l\000o\000o\000s\000e\000H\000a\000n\000d\000\050\000\051}{subsection.4.1.2}% 13
\BOOKMARK [3][-]{subsubsection.4.1.2.4}{\376\377\0004\000.\0001\000.\0002\000.\0004\000\040\000l\000o\000o\000s\000e\000L\000e\000v\000e\000l\000\050\000\051}{subsection.4.1.2}% 14
\BOOKMARK [3][-]{subsubsection.4.1.2.5}{\376\377\0004\000.\0001\000.\0002\000.\0005\000\040\000m\000a\000l\000e\000D\000e\000a\000d\000F\000e\000m\000a\000l\000e\000L\000e\000v\000e\000l\000D\000o\000w\000n\000\050\000\051}{subsection.4.1.2}% 15
\BOOKMARK [3][-]{subsubsection.4.1.2.6}{\376\377\0004\000.\0001\000.\0002\000.\0006\000\040\000p\000l\000a\000y\000e\000r\000D\000i\000e\000s\000\050\000\051}{subsection.4.1.2}% 16
\BOOKMARK [1][-]{section.4.2}{\376\377\0004\000.\0002\000\040\000c\000a\000r\000d\000t\000y\000p\000e\000a\000c\000t\000i\000o\000n\000\040\000N\000a\000m\000e\000s\000p\000a\000c\000e\000\040\000R\000e\000f\000e\000r\000e\000n\000c\000e}{chapter.4}% 17
\BOOKMARK [2][-]{subsection.4.2.1}{\376\377\0004\000.\0002\000.\0001\000\040\000D\000e\000t\000a\000i\000l\000e\000d\000\040\000D\000e\000s\000c\000r\000i\000p\000t\000i\000o\000n}{section.4.2}% 18
\BOOKMARK [2][-]{subsection.4.2.2}{\376\377\0004\000.\0002\000.\0002\000\040\000F\000u\000n\000c\000t\000i\000o\000n\000\040\000D\000o\000c\000u\000m\000e\000n\000t\000a\000t\000i\000o\000n}{section.4.2}% 19
\BOOKMARK [3][-]{subsubsection.4.2.2.1}{\376\377\0004\000.\0002\000.\0002\000.\0001\000\040\000c\000u\000r\000s\000e\000\050\000\051}{subsection.4.2.2}% 20
\BOOKMARK [3][-]{subsubsection.4.2.2.2}{\376\377\0004\000.\0002\000.\0002\000.\0002\000\040\000i\000t\000e\000m\000\050\000\051}{subsection.4.2.2}% 21
\BOOKMARK [3][-]{subsubsection.4.2.2.3}{\376\377\0004\000.\0002\000.\0002\000.\0003\000\040\000i\000t\000e\000m\000B\000u\000f\000f\000\050\000\051}{subsection.4.2.2}% 22
\BOOKMARK [3][-]{subsubsection.4.2.2.4}{\376\377\0004\000.\0002\000.\0002\000.\0004\000\040\000j\000o\000k\000e\000r\000\050\000\051}{subsection.4.2.2}% 23
\BOOKMARK [3][-]{subsubsection.4.2.2.5}{\376\377\0004\000.\0002\000.\0002\000.\0005\000\040\000l\000v\000l\000U\000p\000\050\000\051}{subsection.4.2.2}% 24
\BOOKMARK [3][-]{subsubsection.4.2.2.6}{\376\377\0004\000.\0002\000.\0002\000.\0006\000\040\000m\000o\000n\000s\000t\000e\000r\000\050\000\051}{subsection.4.2.2}% 25
\BOOKMARK [3][-]{subsubsection.4.2.2.7}{\376\377\0004\000.\0002\000.\0002\000.\0007\000\040\000m\000u\000n\000c\000h\000C\000l\000a\000s\000s\000\050\000\051}{subsection.4.2.2}% 26
\BOOKMARK [3][-]{subsubsection.4.2.2.8}{\376\377\0004\000.\0002\000.\0002\000.\0008\000\040\000r\000a\000c\000e\000\050\000\051}{subsection.4.2.2}% 27
\BOOKMARK [0][-]{chapter.5}{\376\377\0005\000\040\000C\000l\000a\000s\000s\000\040\000D\000o\000c\000u\000m\000e\000n\000t\000a\000t\000i\000o\000n}{}% 28
\BOOKMARK [1][-]{section.5.1}{\376\377\0005\000.\0001\000\040\000B\000a\000d\000T\000h\000i\000n\000g\000s\000R\000e\000t\000V\000a\000l\000\040\000S\000t\000r\000u\000c\000t\000\040\000R\000e\000f\000e\000r\000e\000n\000c\000e}{chapter.5}% 29
\BOOKMARK [1][-]{section.5.2}{\376\377\0005\000.\0002\000\040\000B\000u\000t\000t\000o\000n\000\040\000C\000l\000a\000s\000s\000\040\000R\000e\000f\000e\000r\000e\000n\000c\000e}{chapter.5}% 30
\BOOKMARK [2][-]{subsection.5.2.1}{\376\377\0005\000.\0002\000.\0001\000\040\000D\000e\000t\000a\000i\000l\000e\000d\000\040\000D\000e\000s\000c\000r\000i\000p\000t\000i\000o\000n}{section.5.2}% 31
\BOOKMARK [2][-]{subsection.5.2.2}{\376\377\0005\000.\0002\000.\0002\000\040\000C\000o\000n\000s\000t\000r\000u\000c\000t\000o\000r\000\040\000\046\000\040\000D\000e\000s\000t\000r\000u\000c\000t\000o\000r\000\040\000D\000o\000c\000u\000m\000e\000n\000t\000a\000t\000i\000o\000n}{section.5.2}% 32
\BOOKMARK [3][-]{subsubsection.5.2.2.1}{\376\377\0005\000.\0002\000.\0002\000.\0001\000\040\000B\000u\000t\000t\000o\000n\000\050\000\051}{subsection.5.2.2}% 33
\BOOKMARK [2][-]{subsection.5.2.3}{\376\377\0005\000.\0002\000.\0003\000\040\000M\000e\000m\000b\000e\000r\000\040\000F\000u\000n\000c\000t\000i\000o\000n\000\040\000D\000o\000c\000u\000m\000e\000n\000t\000a\000t\000i\000o\000n}{section.5.2}% 34
\BOOKMARK [3][-]{subsubsection.5.2.3.1}{\376\377\0005\000.\0002\000.\0003\000.\0001\000\040\000d\000r\000a\000w\000\050\000\051}{subsection.5.2.3}% 35
\BOOKMARK [3][-]{subsubsection.5.2.3.2}{\376\377\0005\000.\0002\000.\0003\000.\0002\000\040\000p\000o\000l\000l\000\137\000c\000l\000i\000c\000k\000\050\000\051}{subsection.5.2.3}% 36
\BOOKMARK [1][-]{section.5.3}{\376\377\0005\000.\0003\000\040\000C\000a\000r\000d\000T\000y\000p\000e\000R\000e\000t\000V\000a\000l\000\040\000S\000t\000r\000u\000c\000t\000\040\000R\000e\000f\000e\000r\000e\000n\000c\000e}{chapter.5}% 37
\BOOKMARK [1][-]{section.5.4}{\376\377\0005\000.\0004\000\040\000E\000x\000t\000r\000a\000s\000R\000e\000t\000V\000a\000l\000\040\000S\000t\000r\000u\000c\000t\000\040\000R\000e\000f\000e\000r\000e\000n\000c\000e}{chapter.5}% 38
\BOOKMARK [1][-]{section.5.5}{\376\377\0005\000.\0005\000\040\000G\000a\000m\000e\000S\000t\000a\000t\000e\000\040\000S\000t\000r\000u\000c\000t\000\040\000R\000e\000f\000e\000r\000e\000n\000c\000e}{chapter.5}% 39
\BOOKMARK [2][-]{subsection.5.5.1}{\376\377\0005\000.\0005\000.\0001\000\040\000D\000e\000t\000a\000i\000l\000e\000d\000\040\000D\000e\000s\000c\000r\000i\000p\000t\000i\000o\000n}{section.5.5}% 40
\BOOKMARK [1][-]{section.5.6}{\376\377\0005\000.\0006\000\040\000I\000n\000p\000u\000t\000E\000v\000e\000n\000t\000\040\000S\000t\000r\000u\000c\000t\000\040\000R\000e\000f\000e\000r\000e\000n\000c\000e}{chapter.5}% 41
\BOOKMARK [1][-]{section.5.7}{\376\377\0005\000.\0007\000\040\000M\000o\000u\000s\000e\000P\000a\000r\000a\000m\000s\000\040\000S\000t\000r\000u\000c\000t\000\040\000R\000e\000f\000e\000r\000e\000n\000c\000e}{chapter.5}% 42
\BOOKMARK [2][-]{subsection.5.7.1}{\376\377\0005\000.\0007\000.\0001\000\040\000D\000e\000t\000a\000i\000l\000e\000d\000\040\000D\000e\000s\000c\000r\000i\000p\000t\000i\000o\000n}{section.5.7}% 43
\BOOKMARK [1][-]{section.5.8}{\376\377\0005\000.\0008\000\040\000M\000u\000n\000c\000h\000k\000i\000n\000C\000a\000r\000d\000\040\000C\000l\000a\000s\000s\000\040\000R\000e\000f\000e\000r\000e\000n\000c\000e}{chapter.5}% 44
\BOOKMARK [2][-]{subsection.5.8.1}{\376\377\0005\000.\0008\000.\0001\000\040\000D\000e\000t\000a\000i\000l\000e\000d\000\040\000D\000e\000s\000c\000r\000i\000p\000t\000i\000o\000n}{section.5.8}% 45
\BOOKMARK [2][-]{subsection.5.8.2}{\376\377\0005\000.\0008\000.\0002\000\040\000C\000o\000n\000s\000t\000r\000u\000c\000t\000o\000r\000\040\000\046\000\040\000D\000e\000s\000t\000r\000u\000c\000t\000o\000r\000\040\000D\000o\000c\000u\000m\000e\000n\000t\000a\000t\000i\000o\000n}{section.5.8}% 46
\BOOKMARK [3][-]{subsubsection.5.8.2.1}{\376\377\0005\000.\0008\000.\0002\000.\0001\000\040\000M\000u\000n\000c\000h\000k\000i\000n\000C\000a\000r\000d\000\050\000\051}{subsection.5.8.2}% 47
\BOOKMARK [1][-]{section.5.9}{\376\377\0005\000.\0009\000\040\000P\000l\000a\000y\000e\000r\000S\000t\000a\000t\000s\000\040\000S\000t\000r\000u\000c\000t\000\040\000R\000e\000f\000e\000r\000e\000n\000c\000e}{chapter.5}% 48
\BOOKMARK [2][-]{subsection.5.9.1}{\376\377\0005\000.\0009\000.\0001\000\040\000D\000e\000t\000a\000i\000l\000e\000d\000\040\000D\000e\000s\000c\000r\000i\000p\000t\000i\000o\000n}{section.5.9}% 49
\BOOKMARK [0][-]{chapter.6}{\376\377\0006\000\040\000F\000i\000l\000e\000\040\000D\000o\000c\000u\000m\000e\000n\000t\000a\000t\000i\000o\000n}{}% 50
\BOOKMARK [1][-]{section.6.1}{\376\377\0006\000.\0001\000\040\000C\000:\000/\000U\000s\000e\000r\000s\000/\000J\000l\000u\000e\000b\000/\000s\000o\000u\000r\000c\000e\000/\000r\000e\000p\000o\000s\000/\000T\000T\000M\000u\000n\000c\000h\000k\000i\000n\000T\000u\000t\000/\000T\000T\000M\000u\000n\000c\000h\000k\000i\000n\000T\000u\000t\000/\000B\000a\000d\000T\000h\000i\000n\000g\000s\000.\000h\000\040\000F\000i\000l\000e\000\040\000R\000e\000f\000e\000r\000e\000n\000c\000e}{chapter.6}% 51
\BOOKMARK [2][-]{subsection.6.1.1}{\376\377\0006\000.\0001\000.\0001\000\040\000D\000e\000t\000a\000i\000l\000e\000d\000\040\000D\000e\000s\000c\000r\000i\000p\000t\000i\000o\000n}{section.6.1}% 52
\BOOKMARK [1][-]{section.6.2}{\376\377\0006\000.\0002\000\040\000C\000:\000/\000U\000s\000e\000r\000s\000/\000J\000l\000u\000e\000b\000/\000s\000o\000u\000r\000c\000e\000/\000r\000e\000p\000o\000s\000/\000T\000T\000M\000u\000n\000c\000h\000k\000i\000n\000T\000u\000t\000/\000T\000T\000M\000u\000n\000c\000h\000k\000i\000n\000T\000u\000t\000/\000B\000u\000t\000t\000o\000n\000.\000h\000\040\000F\000i\000l\000e\000\040\000R\000e\000f\000e\000r\000e\000n\000c\000e}{chapter.6}% 53
\BOOKMARK [2][-]{subsection.6.2.1}{\376\377\0006\000.\0002\000.\0001\000\040\000D\000e\000t\000a\000i\000l\000e\000d\000\040\000D\000e\000s\000c\000r\000i\000p\000t\000i\000o\000n}{section.6.2}% 54
\BOOKMARK [2][-]{subsection.6.2.2}{\376\377\0006\000.\0002\000.\0002\000\040\000E\000n\000u\000m\000e\000r\000a\000t\000i\000o\000n\000\040\000T\000y\000p\000e\000\040\000D\000o\000c\000u\000m\000e\000n\000t\000a\000t\000i\000o\000n}{section.6.2}% 55
\BOOKMARK [3][-]{subsubsection.6.2.2.1}{\376\377\0006\000.\0002\000.\0002\000.\0001\000\040\000B\000u\000t\000t\000o\000n\000O\000r\000i\000g\000i\000n}{subsection.6.2.2}% 56
\BOOKMARK [1][-]{section.6.3}{\376\377\0006\000.\0003\000\040\000C\000:\000/\000U\000s\000e\000r\000s\000/\000J\000l\000u\000e\000b\000/\000s\000o\000u\000r\000c\000e\000/\000r\000e\000p\000o\000s\000/\000T\000T\000M\000u\000n\000c\000h\000k\000i\000n\000T\000u\000t\000/\000T\000T\000M\000u\000n\000c\000h\000k\000i\000n\000T\000u\000t\000/\000C\000a\000r\000d\000T\000y\000p\000e\000A\000c\000t\000i\000o\000n\000s\000.\000h\000\040\000F\000i\000l\000e\000\040\000R\000e\000f\000e\000r\000e\000n\000c\000e}{chapter.6}% 57
\BOOKMARK [2][-]{subsection.6.3.1}{\376\377\0006\000.\0003\000.\0001\000\040\000D\000e\000t\000a\000i\000l\000e\000d\000\040\000D\000e\000s\000c\000r\000i\000p\000t\000i\000o\000n}{section.6.3}% 58
\BOOKMARK [1][-]{section.6.4}{\376\377\0006\000.\0004\000\040\000C\000:\000/\000U\000s\000e\000r\000s\000/\000J\000l\000u\000e\000b\000/\000s\000o\000u\000r\000c\000e\000/\000r\000e\000p\000o\000s\000/\000T\000T\000M\000u\000n\000c\000h\000k\000i\000n\000T\000u\000t\000/\000T\000T\000M\000u\000n\000c\000h\000k\000i\000n\000T\000u\000t\000/\000G\000a\000m\000e\000S\000t\000a\000t\000e\000.\000h\000\040\000F\000i\000l\000e\000\040\000R\000e\000f\000e\000r\000e\000n\000c\000e}{chapter.6}% 59
\BOOKMARK [2][-]{subsection.6.4.1}{\376\377\0006\000.\0004\000.\0001\000\040\000D\000e\000t\000a\000i\000l\000e\000d\000\040\000D\000e\000s\000c\000r\000i\000p\000t\000i\000o\000n}{section.6.4}% 60
\BOOKMARK [2][-]{subsection.6.4.2}{\376\377\0006\000.\0004\000.\0002\000\040\000E\000n\000u\000m\000e\000r\000a\000t\000i\000o\000n\000\040\000T\000y\000p\000e\000\040\000D\000o\000c\000u\000m\000e\000n\000t\000a\000t\000i\000o\000n}{section.6.4}% 61
\BOOKMARK [3][-]{subsubsection.6.4.2.1}{\376\377\0006\000.\0004\000.\0002\000.\0001\000\040\000M\000o\000u\000s\000e\000E\000v\000e\000n\000t}{subsection.6.4.2}% 62
\BOOKMARK [1][-]{section.6.5}{\376\377\0006\000.\0005\000\040\000C\000:\000/\000U\000s\000e\000r\000s\000/\000J\000l\000u\000e\000b\000/\000s\000o\000u\000r\000c\000e\000/\000r\000e\000p\000o\000s\000/\000T\000T\000M\000u\000n\000c\000h\000k\000i\000n\000T\000u\000t\000/\000T\000T\000M\000u\000n\000c\000h\000k\000i\000n\000T\000u\000t\000/\000I\000n\000p\000u\000t\000E\000v\000e\000n\000t\000.\000h\000\040\000F\000i\000l\000e\000\040\000R\000e\000f\000e\000r\000e\000n\000c\000e}{chapter.6}% 63
\BOOKMARK [2][-]{subsection.6.5.1}{\376\377\0006\000.\0005\000.\0001\000\040\000D\000e\000t\000a\000i\000l\000e\000d\000\040\000D\000e\000s\000c\000r\000i\000p\000t\000i\000o\000n}{section.6.5}% 64
\BOOKMARK [2][-]{subsection.6.5.2}{\376\377\0006\000.\0005\000.\0002\000\040\000E\000n\000u\000m\000e\000r\000a\000t\000i\000o\000n\000\040\000T\000y\000p\000e\000\040\000D\000o\000c\000u\000m\000e\000n\000t\000a\000t\000i\000o\000n}{section.6.5}% 65
\BOOKMARK [3][-]{subsubsection.6.5.2.1}{\376\377\0006\000.\0005\000.\0002\000.\0001\000\040\000E\000v\000e\000n\000t\000T\000y\000p\000e}{subsection.6.5.2}% 66
\BOOKMARK [1][-]{section.6.6}{\376\377\0006\000.\0006\000\040\000C\000:\000/\000U\000s\000e\000r\000s\000/\000J\000l\000u\000e\000b\000/\000s\000o\000u\000r\000c\000e\000/\000r\000e\000p\000o\000s\000/\000T\000T\000M\000u\000n\000c\000h\000k\000i\000n\000T\000u\000t\000/\000T\000T\000M\000u\000n\000c\000h\000k\000i\000n\000T\000u\000t\000/\000M\000u\000n\000c\000h\000k\000i\000n\000C\000a\000r\000d\000s\000.\000h\000\040\000F\000i\000l\000e\000\040\000R\000e\000f\000e\000r\000e\000n\000c\000e}{chapter.6}% 67
\BOOKMARK [2][-]{subsection.6.6.1}{\376\377\0006\000.\0006\000.\0001\000\040\000D\000e\000t\000a\000i\000l\000e\000d\000\040\000D\000e\000s\000c\000r\000i\000p\000t\000i\000o\000n}{section.6.6}% 68
\BOOKMARK [2][-]{subsection.6.6.2}{\376\377\0006\000.\0006\000.\0002\000\040\000E\000n\000u\000m\000e\000r\000a\000t\000i\000o\000n\000\040\000T\000y\000p\000e\000\040\000D\000o\000c\000u\000m\000e\000n\000t\000a\000t\000i\000o\000n}{section.6.6}% 69
\BOOKMARK [3][-]{subsubsection.6.6.2.1}{\376\377\0006\000.\0006\000.\0002\000.\0001\000\040\000C\000a\000r\000d\000T\000y\000p\000e}{subsection.6.6.2}% 70
\BOOKMARK [3][-]{subsubsection.6.6.2.2}{\376\377\0006\000.\0006\000.\0002\000.\0002\000\040\000I\000t\000e\000m\000T\000y\000p\000e}{subsection.6.6.2}% 71
\BOOKMARK [3][-]{subsubsection.6.6.2.3}{\376\377\0006\000.\0006\000.\0002\000.\0003\000\040\000P\000a\000r\000e\000n\000t\000C\000a\000r\000d\000T\000y\000p\000e}{subsection.6.6.2}% 72
\BOOKMARK [0][-]{section*.29}{\376\377\000I\000n\000d\000e\000x}{}% 73
